11/20/20 21:18:53-INF-\033[0;32m################## Inicializando el entorno de ejecición ##################\033[0m-./iniciarAmbiente.sh-isaac
11/20/20 21:18:53-WAR-\033[1;33m/home/isaac/git/so7508/bin/instalarTP.conf no existe\033[0m-./iniciarAmbiente.sh-isaac
11/20/20 21:18:53-WAR-\033[0;33mEl archivo de configuracion no existe, Debe ejecutar [instalarTP.sh]\033[0m-./iniciarAmbiente.sh-isaac
11/20/20 21:19:09-INF-\033[0;32m################## Inicializando el entorno de ejecición ##################\033[0m-./iniciarAmbiente.sh-isaac
11/20/20 21:19:09-WAR-\033[1;33m/home/isaac/git/so7508/bin/instalarTP.conf no existe\033[0m-./iniciarAmbiente.sh-isaac
11/20/20 21:19:09-WAR-\033[0;33mEl archivo de configuracion no existe, Debe ejecutar [instalarTP.sh]\033[0m-./iniciarAmbiente.sh-isaac
11/20/20 21:19:50-INF-\033[0;32m################## Inicializando el entorno de ejecición ##################\033[0m-/bin/bash-isaac
11/20/20 21:19:50-WAR-\033[1;33m/home/isaac/git/grupo/bin/instalarTP.conf no existe\033[0m-/bin/bash-isaac
11/20/20 21:19:50-WAR-\033[0;33mEl archivo de configuracion no existe, Debe ejecutar [instalarTP.sh]\033[0m-/bin/bash-isaac
11/20/20 21:20:30-INF-\033[0;32m################## Inicializando el entorno de ejecición ##################\033[0m-/bin/bash-isaac
11/20/20 21:20:30-WAR-\033[1;33m/home/isaac/git/grupo/bin/instalarTP.conf no existe\033[0m-/bin/bash-isaac
11/20/20 21:20:30-WAR-\033[0;33mEl archivo de configuracion no existe, Debe ejecutar [instalarTP.sh]\033[0m-/bin/bash-isaac
11/20/20 21:20:55-INF-\033[0;32m################## Inicializando el entorno de ejecición ##################\033[0m-./iniciarAmbiente.sh-isaac
11/20/20 21:20:55-WAR-\033[1;33m/home/isaac/git/grupo/bin/instalarTP.conf no existe\033[0m-./iniciarAmbiente.sh-isaac
11/20/20 21:20:55-WAR-\033[0;33mEl archivo de configuracion no existe, Debe ejecutar [instalarTP.sh]\033[0m-./iniciarAmbiente.sh-isaac
11/20/20 21:21:48-INF-\033[0;32m################## Inicializando el entorno de ejecición ##################\033[0m-./iniciarAmbiente.sh-isaac
11/20/20 21:21:48-WAR-\033[1;33m/home/isaac/git/grupo/bin/instalarTP.conf no existe\033[0m-./iniciarAmbiente.sh-isaac
11/20/20 21:21:48-WAR-\033[0;33mEl archivo de configuracion no existe, Debe ejecutar [instalarTP.sh]\033[0m-./iniciarAmbiente.sh-isaac
11/20/20 21:21:51-INF-\033[0;32m################## Inicializando el entorno de ejecición ##################\033[0m-./iniciarAmbiente.sh-isaac
11/20/20 21:21:51-WAR-\033[1;33m/home/isaac/git/grupo/bin/instalarTP.conf no existe\033[0m-./iniciarAmbiente.sh-isaac
11/20/20 21:21:51-WAR-\033[0;33mEl archivo de configuracion no existe, Debe ejecutar [instalarTP.sh]\033[0m-./iniciarAmbiente.sh-isaac
11/20/20 21:22:03-INF-\033[0;32m################## Inicializando el entorno de ejecición ##################\033[0m-/bin/bash-isaac
11/20/20 21:22:03-WAR-\033[1;33m/home/isaac/git/grupo/bin/instalarTP.conf no existe\033[0m-/bin/bash-isaac
11/20/20 21:22:03-WAR-\033[0;33mEl archivo de configuracion no existe, Debe ejecutar [instalarTP.sh]\033[0m-/bin/bash-isaac
11/20/20 21:22:28-INF-\033[0;32m################## Inicializando el entorno de ejecición ##################\033[0m-/bin/bash-isaac
11/20/20 21:22:28-WAR-\033[1;33m/home/isaac/git/grupo/bin/instalarTP.conf no existe\033[0m-/bin/bash-isaac
11/20/20 21:22:28-WAR-\033[0;33mEl archivo de configuracion no existe, Debe ejecutar [instalarTP.sh]\033[0m-/bin/bash-isaac
11/20/20 21:23:23-INF-\033[0;32m################## Inicializando el entorno de ejecición ##################\033[0m-/bin/bash-isaac
11/20/20 21:23:23-WAR-\033[1;33m/home/isaac/git/grupo/bin/instalarTP.conf no existe\033[0m-/bin/bash-isaac
11/20/20 21:23:23-WAR-\033[0;33mEl archivo de configuracion no existe, Debe ejecutar [instalarTP.sh]\033[0m-/bin/bash-isaac
11/20/20 21:23:37-INF-\033[0;32m################## Inicializando el entorno de ejecición ##################\033[0m-/bin/bash-isaac
11/20/20 21:23:37-WAR-\033[1;33m/home/isaac/git/grupo/bin/instalarTP.conf no existe\033[0m-/bin/bash-isaac
11/20/20 21:23:37-WAR-\033[0;33mEl archivo de configuracion no existe, Debe ejecutar [instalarTP.sh]\033[0m-/bin/bash-isaac
11/20/20 21:24:57-INF-\033[0;32m################## Inicializando el entorno de ejecición ##################\033[0m-/bin/bash-isaac
11/20/20 21:24:57-WAR-\033[1;33m/home/isaac/git/grupo/bin/instalarTP.conf no existe\033[0m-/bin/bash-isaac
11/20/20 21:24:57-WAR-\033[0;33mEl archivo de configuracion no existe, Debe ejecutar [instalarTP.sh]\033[0m-/bin/bash-isaac
11/20/20 21:25:16-INF-\033[0;32m################## Inicializando el entorno de ejecición ##################\033[0m-/bin/bash-isaac
11/20/20 21:25:16-WAR-\033[1;33m/home/isaac/git/grupo/bin/instalarTP.conf no existe\033[0m-/bin/bash-isaac
11/20/20 21:25:16-WAR-\033[0;33mEl archivo de configuracion no existe, Debe ejecutar [instalarTP.sh]\033[0m-/bin/bash-isaac
11/20/20 21:52:41-INF-\033[0;32m################## Inicializando el entorno de ejecición ##################\033[0m-./iniciarAmbiente.sh-isaac
11/20/20 21:52:41-WAR-\033[1;33m/home/isaac/git/grupo/bin/instalarTP.conf no existe\033[0m-./iniciarAmbiente.sh-isaac
11/20/20 21:52:41-WAR-\033[0;33mEl archivo de configuracion no existe, Debe ejecutar [instalarTP.sh]\033[0m-./iniciarAmbiente.sh-isaac
11/20/20 22:03:14-INF-\033[0;32m################## Inicializando el entorno de ejecición ##################\033[0m-./iniciarAmbiente.sh-isaac
11/20/20 22:03:14-WAR-\033[1;33m/home/isaac/git/grupo/bin/instalarTP.conf no existe\033[0m-./iniciarAmbiente.sh-isaac
11/20/20 22:03:14-WAR-\033[0;33mEl archivo de configuracion no existe, Debe ejecutar [instalarTP.sh]\033[0m-./iniciarAmbiente.sh-isaac
11/20/20 22:05:11-INF-\033[0;32m################## Inicializando el entorno de ejecición ##################\033[0m-./iniciarAmbiente.sh-isaac
11/20/20 22:05:11-WAR-\033[1;33m/home/isaac/git/grupo/bin/instalarTP.conf no existe\033[0m-./iniciarAmbiente.sh-isaac
11/20/20 22:05:11-WAR-\033[0;33mEl archivo de configuracion no existe, Debe ejecutar [instalarTP.sh]\033[0m-./iniciarAmbiente.sh-isaac
11/20/20 22:09:24-INF-\033[0;32m################## Inicializando el entorno de ejecición ##################\033[0m-./iniciarAmbiente.sh-isaac
11/20/20 22:09:24-WAR-\033[1;33m/home/isaac/git/grupo/bin/instalarTP.conf no existe\033[0m-./iniciarAmbiente.sh-isaac
11/20/20 22:09:24-WAR-\033[0;33mEl archivo de configuracion no existe, Debe ejecutar [instalarTP.sh]\033[0m-./iniciarAmbiente.sh-isaac
11/20/20 22:09:35-INF-\033[0;32m################## Inicializando el entorno de ejecición ##################\033[0m-./iniciarAmbiente.sh-isaac
11/20/20 22:09:35-WAR-\033[1;33m/home/isaac/git/grupo/bin/instalarTP.conf no existe\033[0m-./iniciarAmbiente.sh-isaac
11/20/20 22:09:35-WAR-\033[0;33mEl archivo de configuracion no existe, Debe ejecutar [instalarTP.sh]\033[0m-./iniciarAmbiente.sh-isaac
11/20/20 22:10:59-INF-\033[0;32m################## Inicializando el entorno de ejecición ##################\033[0m-./iniciarAmbiente.sh-isaac
11/20/20 22:10:59-WAR-\033[0;33m La primera vez debe iniciar con permisos [. ./IniciarAmbiente.sh]\033[0m-./iniciarAmbiente.sh-isaac
11/20/20 22:11:13-INF-\033[0;32m################## Inicializando el entorno de ejecición ##################\033[0m-./iniciarAmbiente.sh-isaac
11/20/20 22:11:13-WAR-\033[0;33m La primera vez debe iniciar con permisos [. ./IniciarAmbiente.sh]\033[0m-./iniciarAmbiente.sh-isaac
11/20/20 22:11:31-INF-\033[0;32m################## Inicializando el entorno de ejecición ##################\033[0m-./iniciarAmbiente.sh-isaac
11/20/20 22:11:31-WAR-\033[0;33m La primera vez debe iniciar con permisos [. ./IniciarAmbiente.sh]\033[0m-./iniciarAmbiente.sh-isaac
11/20/20 22:11:50-INF-\033[0;32m################## Inicializando el entorno de ejecición ##################\033[0m-/bin/bash-isaac
11/20/20 22:11:50-INF-\n\033[0;32m################## VERIFICANDO ARCHIVO DE CONFIGURACION ##################\033[0m\n-/bin/bash-isaac
11/20/20 22:11:50-INF-\033[0;32mExportando variable de entorno...... correcto \033[0m-/bin/bash-isaac
11/20/20 22:11:50-WAR-\033[0;33mcarpetas de instalacion ...... incorrecto\033[0m-/bin/bash-isaac
11/20/20 22:11:50-INF-\033[0;32mscripts de ejecución ...... correcto\033[0m-/bin/bash-isaac
11/20/20 22:11:50-WAR-\033[0;33mEl sistema no se encuentra instalado correctamente, saliendo\033[0m-/bin/bash-isaac
11/20/20 22:13:37-INF-\033[0;32m################## Inicializando el entorno de ejecición ##################\033[0m-./iniciarAmbiente.sh-isaac
11/20/20 22:13:37-WAR-\033[0;33mEl ambiente está inicializado, pero pprincipal no esta en ejecución usar [arrancarProceso.sh pprincipal.sh] para reiniciar \033[0m-./iniciarAmbiente.sh-isaac
11/20/20 22:13:54-INF-\033[0;32m################## Inicializando el entorno de ejecición ##################\033[0m-./iniciarAmbiente.sh-isaac
11/20/20 22:13:54-WAR-\033[0;33m La primera vez debe iniciar con permisos [. ./IniciarAmbiente.sh]\033[0m-./iniciarAmbiente.sh-isaac
11/20/20 22:14:00-INF-\033[0;32m################## Inicializando el entorno de ejecición ##################\033[0m-/bin/bash-isaac
11/20/20 22:14:00-INF-\n\033[0;32m################## VERIFICANDO ARCHIVO DE CONFIGURACION ##################\033[0m\n-/bin/bash-isaac
11/20/20 22:14:00-INF-\033[0;32mExportando variable de entorno...... correcto \033[0m-/bin/bash-isaac
11/20/20 22:14:00-INF-\033[0;32mcarpetas de instalacion ...... correcto\033[0m-/bin/bash-isaac
11/20/20 22:14:00-INF-\033[0;32mscripts de ejecución ...... correcto\033[0m-/bin/bash-isaac
11/20/20 22:14:00-INF-\033[0;32mProceso principal en ejecución Nº ..........correcto \033[0m-/bin/bash-isaac
11/20/20 22:14:00-INF-\033[0;32mPara finalizar el proceso principal debe ejecutar [frenarproceso.sh pprincipal] \033[0m-/bin/bash-isaac
11/20/20 22:20:55-INF-\033[0;32m################## Inicializando el entorno de ejecición ##################\033[0m-./iniciarAmbiente.sh-isaac
11/20/20 22:20:55-WAR-\033[0;33mEl ambiente está inicializado, pero pprincipal no esta en ejecución usar [arrancarProceso.sh pprincipal.sh] para reiniciar \033[0m-./iniciarAmbiente.sh-isaac
11/20/20 22:26:57-INF-\033[0;32m################## Inicializando el entorno de ejecición ##################\033[0m-./iniciarAmbiente.sh-isaac
11/20/20 22:26:57-WAR-\033[0;33m La primera vez debe iniciar con permisos [. ./IniciarAmbiente.sh]\033[0m-./iniciarAmbiente.sh-isaac
11/20/20 22:27:04-INF-\033[0;32m################## Inicializando el entorno de ejecición ##################\033[0m-/bin/bash-isaac
11/20/20 22:27:04-INF-\n\033[0;32m################## VERIFICANDO ARCHIVO DE CONFIGURACION ##################\033[0m\n-/bin/bash-isaac
11/20/20 22:27:04-INF-\033[0;32mExportando variable de entorno...... correcto \033[0m-/bin/bash-isaac
11/20/20 22:27:04-INF-\033[0;32mcarpetas de instalacion ...... correcto\033[0m-/bin/bash-isaac
11/20/20 22:27:04-INF-\033[0;32mscripts de ejecución ...... correcto\033[0m-/bin/bash-isaac
11/20/20 22:27:04-INF-\033[0;32mProceso principal en ejecución Nº 5252..........correcto \033[0m-/bin/bash-isaac
11/20/20 22:27:04-INF-\033[0;32mPara finalizar el proceso principal debe ejecutar [frenarproceso.sh pprincipal] \033[0m-/bin/bash-isaac
11/20/20 22:30:43-INF-\033[0;32m################## Inicializando el entorno de ejecición ##################\033[0m-./iniciarAmbiente.sh-isaac
11/20/20 22:30:43-WAR-\033[0;33m La primera vez debe iniciar con permisos [. ./IniciarAmbiente.sh]\033[0m-./iniciarAmbiente.sh-isaac
11/20/20 22:30:50-INF-\033[0;32m################## Inicializando el entorno de ejecición ##################\033[0m-/bin/bash-isaac
11/20/20 22:30:50-INF-\n\033[0;32m################## VERIFICANDO ARCHIVO DE CONFIGURACION ##################\033[0m\n-/bin/bash-isaac
11/20/20 22:30:50-INF-\033[0;32mExportando variable de entorno...... correcto \033[0m-/bin/bash-isaac
11/20/20 22:30:50-INF-\033[0;32mcarpetas de instalacion ...... correcto\033[0m-/bin/bash-isaac
11/20/20 22:30:50-INF-\033[0;32mscripts de ejecución ...... correcto\033[0m-/bin/bash-isaac
11/20/20 22:30:50-INF-\033[0;32mProceso principal en ejecución Nº 5556..........correcto \033[0m-/bin/bash-isaac
11/20/20 22:30:50-INF-\033[0;32mPara finalizar el proceso principal debe ejecutar [frenarproceso.sh pprincipal] \033[0m-/bin/bash-isaac
11/20/20 22:33:30-INF-\033[0;32m################## Inicializando el entorno de ejecición ##################\033[0m-./iniciarAmbiente.sh-isaac
11/20/20 22:33:30-WAR-\033[0;33mEl ambiente está inicializado, pero pprincipal no esta en ejecución usar [arrancarProceso.sh pprincipal.sh] para reiniciar \033[0m-./iniciarAmbiente.sh-isaac
11/20/20 22:33:48-INF-\033[0;32m################## Inicializando el entorno de ejecición ##################\033[0m-./iniciarAmbiente.sh-isaac
11/20/20 22:33:48-WAR-\033[0;33m La primera vez debe iniciar con permisos [. ./IniciarAmbiente.sh]\033[0m-./iniciarAmbiente.sh-isaac
11/20/20 22:33:54-INF-\033[0;32m################## Inicializando el entorno de ejecición ##################\033[0m-/bin/bash-isaac
11/20/20 22:33:54-INF-\033[0;32mExportando variable de entorno...... correcto \033[0m-/bin/bash-isaac
11/20/20 22:33:54-INF-\033[0;32mcarpetas de instalacion ...... correcto\033[0m-/bin/bash-isaac
11/20/20 22:33:54-INF-\033[0;32mscripts de ejecución ...... correcto\033[0m-/bin/bash-isaac
11/20/20 22:33:54-INF-\033[0;32mProceso principal en ejecución Nº 5866..........correcto \033[0m-/bin/bash-isaac
11/20/20 22:33:54-INF-\033[0;32mPara finalizar el proceso principal debe ejecutar [frenarproceso.sh pprincipal] \033[0m-/bin/bash-isaac
