11/16/20 20:42:36-INF-\033[0;32m################## Bienvenido al instalador ##################\033[0m-./instalarTP.sh-isaac
11/16/20 20:42:36-WAR-\033[1;33m/home/isaac/git/sistemas-operativos/so7508/instalarTP.conf no existe\033[0m-./instalarTP.sh-isaac
11/16/20 20:42:36-INF-Instalar o Salir? I/S-./instalarTP.sh-isaac
11/16/20 20:42:49-INF-\033[0;32m################## Proceso de instalacion ##################\033[0m-./instalarTP.sh-isaac
11/16/20 20:42:49-INF-Escriba el nombre del directorio, para aceptar el por defecto presione ENTER-./instalarTP.sh-isaac
11/16/20 20:42:49-INF-Directorio de ejecutables: \033[0;32mbin\033[0m-./instalarTP.sh-isaac
11/16/20 20:42:58-INF--./instalarTP.sh-isaac
11/16/20 20:42:58-INF-Directorio de tablas maestras: \033[0;32mmaster\033[0m-./instalarTP.sh-isaac
11/16/20 20:43:04-INF--./instalarTP.sh-isaac
11/16/20 20:43:04-INF-Directorio de novedades: \033[0;32minput\033[0m-./instalarTP.sh-isaac
11/16/20 20:43:06-INF--./instalarTP.sh-isaac
11/16/20 20:43:06-INF-Directorio de rechazados: \033[0;32mrechazos\033[0m-./instalarTP.sh-isaac
11/16/20 20:43:07-INF--./instalarTP.sh-isaac
11/16/20 20:43:07-INF-Directorio de lotes procesados: \033[0;32mlotes\033[0m-./instalarTP.sh-isaac
11/16/20 20:43:09-INF--./instalarTP.sh-isaac
11/16/20 20:43:09-INF-Directorio de transacciones: \033[0;32moutput\033[0m-./instalarTP.sh-isaac
11/16/20 20:43:11-INF--./instalarTP.sh-isaac
11/16/20 20:43:11-INF-Tipo de proceso:\tINSTALACION-./instalarTP.sh-isaac
11/16/20 20:43:11-INF-Directorio Padre:\t/home/isaac/git/sistemas-operativos-./instalarTP.sh-isaac
11/16/20 20:43:11-INF-Ubicación script de instalación:\t/home/isaac/git/sistemas-operativos/so7508/instalarTP.sh-./instalarTP.sh-isaac
11/16/20 20:43:11-INF-Log de la instalacion:	/home/isaac/git/sistemas-operativos/so7508/instalarTP.log-./instalarTP.sh-isaac
11/16/20 20:43:11-INF-Archivo de configuracion:\t/home/isaac/git/sistemas-operativos/so7508/instalarTP.conf-./instalarTP.sh-isaac
11/16/20 20:43:11-INF-Log de la inicializacion:\t/home/isaac/git/sistemas-operativos/so7508/inicarmbiente.log-./instalarTP.sh-isaac
11/16/20 20:43:11-INF-Log del proceso principal:\t/home/isaac/git/sistemas-operativos/so7508/pprincipal.log-./instalarTP.sh-isaac
11/16/20 20:43:11-INF-Directorio de ejecutables:\t/home/isaac/git/sistemas-operativos/bin-./instalarTP.sh-isaac
11/16/20 20:43:11-INF-Directorio de tablas maestras:\t/home/isaac/git/sistemas-operativos/master-./instalarTP.sh-isaac
11/16/20 20:43:11-INF-Directorio de novedades:\t/home/isaac/git/sistemas-operativos/input-./instalarTP.sh-isaac
11/16/20 20:43:11-INF-Directorio de rechazados:\t/home/isaac/git/sistemas-operativos/rechazos-./instalarTP.sh-isaac
11/16/20 20:43:11-INF-Directorio de lotes procesados:\t/home/isaac/git/sistemas-operativos/lotes-./instalarTP.sh-isaac
11/16/20 20:43:11-INF-Directorio de transacciones:\t/home/isaac/git/sistemas-operativos/output-./instalarTP.sh-isaac
11/16/20 20:43:11-INF-Estado de la INSTALACION:\tLISTA-./instalarTP.sh-isaac
11/16/20 20:43:11-INF-¿Confirma la instalacion? (SI-NO)--isaac
11/16/20 20:43:17-ERR-mkdir: no se puede crear el directorio «bin»: El archivo ya existe-./instalarTP.sh-isaac
11/16/20 20:43:17-ERR-mkdir: no se puede crear el directorio «master»: El archivo ya existe-./instalarTP.sh-isaac
11/16/20 20:43:17-ERR-mkdir: no se puede crear el directorio «input»: El archivo ya existe-./instalarTP.sh-isaac
11/16/20 20:43:17-ERR-mkdir: no se puede crear el directorio «rechazos»: El archivo ya existe-./instalarTP.sh-isaac
11/16/20 20:43:17-ERR--./instalarTP.sh-isaac
11/16/20 20:43:17-ERR--./instalarTP.sh-isaac
11/16/20 20:43:17-INF-Estado de la instalacion:\tCOMPLETADA-./instalarTP.sh-isaac
