12-11-2020-20:21:48 - INFO - VOY POR EL CICLO;1
12-11-2020-20:21:49 - INPUT - C12345678_Lote1014.csv;31
12-11-2020-20:21:49 - OUTPUT - AMEX-2020-10.txt;4
12-11-2020-20:21:49 - OUTPUT - MASTER-2020-10.txt;4
12-11-2020-20:21:49 - OUTPUT - SP-2020-10.txt;1
12-11-2020-20:21:49 - OUTPUT - VISA-2020-10.txt;11
12-11-2020-20:21:49 - OUTPUT - 12345678-2020-10.txt;20
12-11-2020-20:21:49 - ERROR - C12345678_Lote1015.csv;esta vacio. NO ES ACEPTABLE
12-11-2020-20:21:49 - ERROR - C12345678_Lote1016.csv;es ilegible. NO ES ACEPTABLE
12-11-2020-20:21:49 - ERROR - C12345678_Lote1017.csv;es ilegible. NO ES ACEPTABLE
12-11-2020-20:21:50 - INPUT - C12345679_Lote1012.csv;36
12-11-2020-20:21:50 - OUTPUT - AMEX-2020-10.txt;4
12-11-2020-20:21:50 - OUTPUT - MASTER-2020-10.txt;8
12-11-2020-20:21:50 - OUTPUT - SP-2020-10.txt;1
12-11-2020-20:21:50 - OUTPUT - VISA-2020-10.txt;14
12-11-2020-20:21:50 - OUTPUT - 12345679-2020-10.txt;27
12-11-2020-20:21:50 - INPUT - C12345680_Lote1001.csv;11
12-11-2020-20:21:51 - INPUT - C12345680_Lote1016.csv;26
12-11-2020-20:21:51 - OUTPUT - MASTER-2020-10.txt;3
12-11-2020-20:21:51 - OUTPUT - SP-2020-10.txt;1
12-11-2020-20:21:51 - OUTPUT - VISA-2020-10.txt;11
12-11-2020-20:21:51 - OUTPUT - 12345680-2020-10.txt;15
12-11-2020-20:21:51 - INPUT - C12345681_Lote1018.csv;21
12-11-2020-20:21:51 - OUTPUT - AMEX-2020-10.txt;10
12-11-2020-20:21:51 - OUTPUT - VISA-2020-10.txt;10
12-11-2020-20:21:51 - OUTPUT - 12345681-2020-10.txt;20
12-11-2020-20:21:52 - INPUT - C23456790_Lote1000.csv;11
12-11-2020-20:21:52 - OUTPUT - VISA-2020-09.txt;10
12-11-2020-20:21:52 - OUTPUT - 23456790-2020-09.txt;10
12-11-2020-20:21:52 - INPUT - C23456790_Lote1002.csv;11
12-11-2020-20:21:52 - OUTPUT - AMEX-2020-10.txt;2
12-11-2020-20:21:52 - OUTPUT - MASTER-2020-10.txt;2
12-11-2020-20:21:52 - OUTPUT - SP-2020-10.txt;4
12-11-2020-20:21:52 - OUTPUT - VISA-2020-10.txt;2
12-11-2020-20:21:52 - OUTPUT - 23456790-2020-10.txt;10
12-11-2020-20:21:52 - INPUT - C23456790_Lote1003.csv;11
12-11-2020-20:21:52 - OUTPUT - SP-2020-10.txt;2
12-11-2020-20:21:52 - OUTPUT - VISA-2020-10.txt;8
12-11-2020-20:21:52 - OUTPUT - 23456790-2020-10.txt;10
12-11-2020-20:21:53 - INPUT - C23456790_Lote1100.csv;16
12-11-2020-20:21:53 - OUTPUT - AMEX-2020-10.txt;3
12-11-2020-20:21:53 - OUTPUT - MASTER-2020-10.txt;2
12-11-2020-20:21:53 - OUTPUT - VISA-2020-10.txt;2
12-11-2020-20:21:53 - OUTPUT - 23456790-2020-10.txt;7
12-11-2020-20:22:53 - INFO - VOY POR EL CICLO;2
12-11-2020-20:22:53 - ERROR - C12345678_Lote1014.csv;ya fue procesado. NO ES ACEPTABLE
12-11-2020-20:23:53 - INFO - VOY POR EL CICLO;1
12-11-2020-20:23:53 - ERROR - C12345678_Lote1014.csv;ya fue procesado. NO ES ACEPTABLE
12-11-2020-20:23:53 - RENAME - C12345678_Lote1014.csv;C12345678_Lote1014.csv_2020-11-12_20:23:53.513784477
20-11-2020-22:27:04 - INFO - VOY POR EL CICLO;1
20-11-2020-22:28:04 - INFO - VOY POR EL CICLO;2
20-11-2020-22:29:04 - INFO - VOY POR EL CICLO;3
20-11-2020-22:30:04 - INFO - VOY POR EL CICLO;4
20-11-2020-22:30:50 - INFO - VOY POR EL CICLO;1
20-11-2020-22:31:50 - INFO - VOY POR EL CICLO;2
20-11-2020-22:33:54 - INFO - VOY POR EL CICLO;1
